{"level":"info","message":"posts obtidos com sucesso"}
{"level":"info","message":"posts obtidos com sucesso"}
{"level":"info","message":"posts obtidos com sucesso"}
{"level":"info","message":"posts obtidos com sucesso"}
{"level":"info","message":"posts obtidos com sucesso"}
{"level":"info","message":"posts obtidos com sucesso"}
{"level":"info","message":"posts obtidos com sucesso"}
{"level":"info","message":"posts obtidos com sucesso"}
{"level":"info","message":"posts obtidos com sucesso"}
{"level":"info","message":"posts obtidos com sucesso"}
{"level":"info","message":"posts obtidos com sucesso"}
{"level":"info","message":"posts obtidos com sucesso"}
{"level":"info","message":"posts obtidos com sucesso"}
{"level":"info","message":"posts obtidos com sucesso"}
{"level":"info","message":"posts obtidos com sucesso"}
{"level":"info","message":"posts obtidos com sucesso"}
{"level":"info","message":"posts obtidos com sucesso"}
{"level":"info","message":"posts obtidos com sucesso"}
{"level":"info","message":"posts obtidos com sucesso"}
{"level":"info","message":"posts obtidos com sucesso"}
{"level":"info","message":"posts obtidos com sucesso"}
{"level":"info","message":"posts obtidos com sucesso"}
{"level":"info","message":"posts obtidos com sucesso"}
{"level":"info","message":"posts obtidos com sucesso"}
{"level":"info","message":"posts obtidos com sucesso"}
{"level":"info","message":"posts obtidos com sucesso"}
{"level":"info","message":"posts obtidos com sucesso"}
{"level":"info","message":"posts obtidos com sucesso"}
{"level":"info","message":"posts obtidos com sucesso"}
{"level":"info","message":"posts obtidos com sucesso"}
{"level":"info","message":"posts obtidos com sucesso"}
{"level":"info","message":"posts obtidos com sucesso"}
{"level":"info","message":"posts obtidos com sucesso"}
{"level":"info","message":"posts obtidos com sucesso"}
{"level":"info","message":"posts obtidos com sucesso"}
{"level":"info","message":"posts obtidos com sucesso"}
{"level":"info","message":"posts obtidos com sucesso"}
{"level":"info","message":"posts obtidos com sucesso"}
{"level":"info","message":"posts obtidos com sucesso"}
{"level":"info","message":"posts obtidos com sucesso"}
{"level":"info","message":"posts obtidos com sucesso"}
{"level":"info","message":"posts obtidos com sucesso"}
{"level":"info","message":"posts obtidos com sucesso"}
{"level":"info","message":"posts obtidos com sucesso"}
{"level":"info","message":"posts obtidos com sucesso"}
{"level":"info","message":"posts obtidos com sucesso"}
{"level":"info","message":"posts obtidos com sucesso"}
{"level":"info","message":"posts obtidos com sucesso"}
{"level":"info","message":"posts obtidos com sucesso"}
{"level":"info","message":"posts obtidos com sucesso"}
{"level":"info","message":"posts obtidos com sucesso"}
{"level":"info","message":"posts obtidos com sucesso"}
{"level":"info","message":"posts obtidos com sucesso"}
{"level":"info","message":"posts obtidos com sucesso"}
{"level":"info","message":"posts obtidos com sucesso"}
{"level":"info","message":"posts obtidos com sucesso"}
{"level":"info","message":"posts obtidos com sucesso"}
{"level":"info","message":"posts obtidos com sucesso"}
{"level":"info","message":"posts obtidos com sucesso"}
{"level":"info","message":"posts obtidos com sucesso"}
{"level":"info","message":"posts obtidos com sucesso"}
{"level":"info","message":"posts obtidos com sucesso"}
{"level":"info","message":"posts obtidos com sucesso"}
{"level":"info","message":"posts obtidos com sucesso"}
{"level":"info","message":"posts obtidos com sucesso"}
{"level":"info","message":"posts obtidos com sucesso"}
{"level":"info","message":"posts obtidos com sucesso"}
{"level":"info","message":"posts obtidos com sucesso"}
{"level":"info","message":"posts obtidos com sucesso"}
{"level":"info","message":"posts obtidos com sucesso"}
{"level":"info","message":"posts obtidos com sucesso"}
{"level":"info","message":"posts obtidos com sucesso"}
{"level":"info","message":"posts obtidos com sucesso"}
{"level":"error"}
{"level":"error"}
{"level":"error"}
{"level":"error"}
{"level":"error"}
{"level":"error"}
{"level":"error"}
{"level":"error"}
{"error":{},"level":"error","message":"Falha ao obter post com slug:","slug":"introducao-ao-typescriptt"}
{"error":{},"level":"error","message":"Falha ao obter post com slug:","slug":"introducao-ao-typescriptt"}
{"error":{},"level":"error","message":"Falha ao obter post com slug:","slug":"introducao-ao-typescriptt"}
{"error":{},"level":"error","message":"Falha ao obter post com slug:","slug":"introducao-ao-typescriptt"}
{"error":{},"level":"error","message":"Falha ao obter post com slug:","slug":"introducao-ao-typescriptt"}
{"error":{},"level":"error","message":"Falha ao obter post com slug:","slug":"introducao-ao-typescriptt"}
{"error":{},"level":"error","message":"Falha ao obter post com slug:","slug":"introducao-ao-typescriptt"}
{"error":{},"level":"error","message":"Falha ao obter post com slug:","slug":"vuejs-para-iniciantess"}
{"error":{},"level":"error","message":"Falha ao obter post com slug:","slug":"construindo-spa-com-vuejsS"}
{"error":{"clientVersion":"5.16.1","name":"PrismaClientInitializationError"},"level":"error","message":"Falha oa obter posts!"}
{"error":{"clientVersion":"5.16.1","name":"PrismaClientInitializationError"},"level":"error","message":"Falha oa obter posts!"}
{"error":{"clientVersion":"5.16.1","name":"PrismaClientInitializationError"},"level":"error","message":"Falha oa obter posts!"}
{"error":{"clientVersion":"5.16.1","name":"PrismaClientInitializationError"},"level":"error","message":"Falha oa obter posts!"}
{"error":{"clientVersion":"5.16.1","name":"PrismaClientInitializationError"},"level":"error","message":"Falha oa obter posts!"}
{"error":{"clientVersion":"5.16.1","name":"PrismaClientInitializationError"},"level":"error","message":"Falha oa obter posts!"}
{"error":{"clientVersion":"5.16.1","name":"PrismaClientInitializationError"},"level":"error","message":"Falha oa obter posts!"}
{"error":{"clientVersion":"5.16.1","name":"PrismaClientInitializationError"},"level":"error","message":"Falha oa obter posts!"}
{"error":{"clientVersion":"5.16.1","name":"PrismaClientInitializationError"},"level":"error","message":"Falha oa obter posts!"}
{"error":{"clientVersion":"5.16.1","name":"PrismaClientInitializationError"},"level":"error","message":"Falha oa obter posts!"}
{"error":{"clientVersion":"5.16.1","name":"PrismaClientInitializationError"},"level":"error","message":"Falha oa obter posts!"}
{"error":{"clientVersion":"5.16.1","name":"PrismaClientInitializationError"},"level":"error","message":"Falha oa obter posts!"}
{"error":{"clientVersion":"5.16.1","name":"PrismaClientInitializationError"},"level":"error","message":"Falha oa obter posts!"}
{"error":{"clientVersion":"5.16.1","name":"PrismaClientInitializationError"},"level":"error","message":"Falha oa obter posts!"}
{"error":{"clientVersion":"5.16.1","name":"PrismaClientInitializationError"},"level":"error","message":"Falha oa obter posts!"}
{"error":{"clientVersion":"5.16.1","name":"PrismaClientInitializationError"},"level":"error","message":"Falha oa obter posts!"}
{"error":{"clientVersion":"5.16.1","name":"PrismaClientInitializationError"},"level":"error","message":"Falha oa obter posts!"}
{"error":{"clientVersion":"5.16.1","name":"PrismaClientInitializationError"},"level":"error","message":"Falha oa obter posts!"}
{"error":{"clientVersion":"5.16.1","name":"PrismaClientInitializationError"},"level":"error","message":"Falha oa obter posts!"}
{"error":{"clientVersion":"5.16.1","name":"PrismaClientInitializationError"},"level":"error","message":"Falha oa obter posts!"}
{"error":{"clientVersion":"5.16.1","name":"PrismaClientInitializationError"},"level":"error","message":"Falha oa obter posts!"}
{"error":{"clientVersion":"5.16.1","name":"PrismaClientInitializationError"},"level":"error","message":"Falha oa obter posts!"}
{"error":{"clientVersion":"5.16.1","name":"PrismaClientInitializationError"},"level":"error","message":"Falha oa obter posts!"}
{"error":{"clientVersion":"5.16.1","name":"PrismaClientInitializationError"},"level":"error","message":"Falha oa obter posts!"}
{"error":{"clientVersion":"5.16.1","name":"PrismaClientInitializationError"},"level":"error","message":"Falha oa obter posts!"}
{"error":{"clientVersion":"5.16.1","name":"PrismaClientInitializationError"},"level":"error","message":"Falha oa obter posts!"}
{"error":{"clientVersion":"5.16.1","name":"PrismaClientInitializationError"},"level":"error","message":"Falha oa obter posts!"}
{"error":{"clientVersion":"5.16.1","name":"PrismaClientInitializationError"},"level":"error","message":"Falha oa obter posts!"}
{"error":{"clientVersion":"5.16.1","name":"PrismaClientInitializationError"},"level":"error","message":"Falha oa obter posts!"}
{"error":{"clientVersion":"5.16.1","name":"PrismaClientInitializationError"},"level":"error","message":"Falha oa obter posts!"}
{"error":{"clientVersion":"5.16.1","name":"PrismaClientInitializationError"},"level":"error","message":"Falha oa obter posts!"}
{"error":{"clientVersion":"5.16.1","name":"PrismaClientInitializationError"},"level":"error","message":"Falha oa obter posts!"}
{"error":{"clientVersion":"5.16.1","name":"PrismaClientInitializationError"},"level":"error","message":"Falha oa obter posts!"}
{"error":{"clientVersion":"5.16.1","name":"PrismaClientInitializationError"},"level":"error","message":"Falha oa obter posts!"}
{"error":{"clientVersion":"5.16.1","name":"PrismaClientInitializationError"},"level":"error","message":"Falha oa obter posts!"}
{"error":{"clientVersion":"5.16.1","name":"PrismaClientInitializationError"},"level":"error","message":"Falha oa obter posts!"}
{"error":{"clientVersion":"5.16.1","name":"PrismaClientInitializationError"},"level":"error","message":"Falha oa obter posts!"}
{"error":{"clientVersion":"5.16.1","name":"PrismaClientInitializationError"},"level":"error","message":"Falha oa obter posts!"}
{"error":{"clientVersion":"5.16.1","name":"PrismaClientInitializationError"},"level":"error","message":"Falha oa obter posts!"}
{"error":{"clientVersion":"5.16.1","name":"PrismaClientInitializationError"},"level":"error","message":"Falha oa obter posts!"}
{"error":{"clientVersion":"5.16.1","name":"PrismaClientInitializationError"},"level":"error","message":"Falha oa obter posts!"}
{"error":{"clientVersion":"5.16.1","name":"PrismaClientInitializationError"},"level":"error","message":"Falha oa obter posts!"}
{"error":{"clientVersion":"5.16.1","name":"PrismaClientInitializationError"},"level":"error","message":"Falha oa obter posts!"}
{"error":{"clientVersion":"5.16.1","name":"PrismaClientInitializationError"},"level":"error","message":"Falha oa obter posts!"}
{"error":{"clientVersion":"5.16.1","name":"PrismaClientInitializationError"},"level":"error","message":"Falha oa obter posts!"}
{"error":{"clientVersion":"5.16.1","name":"PrismaClientInitializationError"},"level":"error","message":"Falha oa obter posts!"}
{"error":{"clientVersion":"5.16.1","name":"PrismaClientInitializationError"},"level":"error","message":"Falha oa obter posts!"}
{"error":{"clientVersion":"5.16.1","name":"PrismaClientInitializationError"},"level":"error","message":"Falha oa obter posts!"}
{"error":{"clientVersion":"5.16.1","name":"PrismaClientInitializationError"},"level":"error","message":"Falha oa obter posts!"}
{"error":{"clientVersion":"5.16.1","name":"PrismaClientInitializationError"},"level":"error","message":"Falha oa obter posts!"}
{"error":{"clientVersion":"5.16.1","name":"PrismaClientInitializationError"},"level":"error","message":"Falha oa obter posts!"}
{"error":{"clientVersion":"5.16.1","name":"PrismaClientInitializationError"},"level":"error","message":"Falha oa obter posts!"}
{"error":{"clientVersion":"5.16.1","name":"PrismaClientInitializationError"},"level":"error","message":"Falha oa obter posts!"}
{"error":{"clientVersion":"5.16.1","name":"PrismaClientInitializationError"},"level":"error","message":"Falha oa obter posts!"}
{"error":{"clientVersion":"5.16.1","name":"PrismaClientInitializationError"},"level":"error","message":"Falha oa obter posts!"}
{"error":{"clientVersion":"5.16.1","name":"PrismaClientInitializationError"},"level":"error","message":"Falha oa obter posts!"}
